0 info it worked if it ends with ok
1 verbose cli [ 'C:\\Program Files (x86)\\nodejs\\\\node.exe',
1 verbose cli   'C:\\Program Files (x86)\\nodejs\\node_modules\\npm\\bin\\npm-cli.js',
1 verbose cli   'install',
1 verbose cli   'ionic-native-transitions',
1 verbose cli   '--save' ]
2 info using npm@2.11.3
3 info using node@v0.12.7
4 verbose install initial load of C:\Users\plam\Documents\kinotar\package.json
5 warn package.json kinotar@1.0.0 No repository field.
6 warn package.json kinotar@1.0.0 No README data
7 warn package.json kinotar@1.0.0 No license field.
8 verbose installManyTop reading scoped package data from C:\Users\plam\Documents\kinotar\node_modules\bower\package.json
9 verbose installManyTop reading scoped package data from C:\Users\plam\Documents\kinotar\node_modules\cordova\package.json
10 verbose installManyTop reading scoped package data from C:\Users\plam\Documents\kinotar\node_modules\gulp\package.json
11 verbose installManyTop reading scoped package data from C:\Users\plam\Documents\kinotar\node_modules\gulp-concat\package.json
12 verbose installManyTop reading scoped package data from C:\Users\plam\Documents\kinotar\node_modules\gulp-minify-css\package.json
13 verbose installManyTop reading scoped package data from C:\Users\plam\Documents\kinotar\node_modules\gulp-rename\package.json
14 verbose installManyTop reading scoped package data from C:\Users\plam\Documents\kinotar\node_modules\gulp-sass\package.json
15 verbose installManyTop reading scoped package data from C:\Users\plam\Documents\kinotar\node_modules\gulp-util\package.json
16 verbose installManyTop reading scoped package data from C:\Users\plam\Documents\kinotar\node_modules\shelljs\package.json
17 info package.json bower@1.3.12 No license field.
18 info package.json gulp@3.8.11 No license field.
19 info package.json gulp-rename@1.2.0 No license field.
20 info package.json gulp-concat@2.5.2 No license field.
21 info package.json gulp-minify-css@0.3.13 No license field.
22 info package.json shelljs@0.3.0 license should be a valid SPDX license expression
23 info package.json cordova@4.2.0 license should be a valid SPDX license expression
24 info package.json gulp-util@2.2.20 No license field.
25 verbose readDependencies loading dependencies from C:\Users\plam\Documents\kinotar\package.json
26 silly cache add args [ 'ionic-native-transitions', null ]
27 verbose cache add spec ionic-native-transitions
28 silly cache add parsed spec { raw: 'ionic-native-transitions',
28 silly cache add   scope: null,
28 silly cache add   name: 'ionic-native-transitions',
28 silly cache add   rawSpec: '',
28 silly cache add   spec: '*',
28 silly cache add   type: 'range' }
29 silly addNamed ionic-native-transitions@*
30 verbose addNamed "*" is a valid semver range for ionic-native-transitions
31 silly addNameRange { name: 'ionic-native-transitions', range: '*', hasData: false }
32 silly mapToRegistry name ionic-native-transitions
33 silly mapToRegistry using default registry
34 silly mapToRegistry registry https://registry.npmjs.org/
35 silly mapToRegistry uri https://registry.npmjs.org/ionic-native-transitions
36 verbose addNameRange registry:https://registry.npmjs.org/ionic-native-transitions not in flight; fetching
37 verbose request uri https://registry.npmjs.org/ionic-native-transitions
38 verbose request no auth needed
39 info attempt registry request try #1 at 17:20:05
40 verbose request id ef9b84d28c00c5b8
41 http request GET https://registry.npmjs.org/ionic-native-transitions
42 http 200 https://registry.npmjs.org/ionic-native-transitions
43 silly get cb [ 200,
43 silly get   { server: 'CouchDB/1.5.0 (Erlang OTP/R16B03)',
43 silly get     etag: '"9ZZ3AP8L3SPZJ3MZ41N9YCD5A"',
43 silly get     'content-type': 'application/json',
43 silly get     'cache-control': 'max-age=300',
43 silly get     'content-length': '51767',
43 silly get     'accept-ranges': 'bytes',
43 silly get     date: 'Wed, 16 Dec 2015 15:20:03 GMT',
43 silly get     via: '1.1 varnish',
43 silly get     age: '202',
43 silly get     connection: 'keep-alive',
43 silly get     'x-served-by': 'cache-fra1241-FRA',
43 silly get     'x-cache': 'HIT',
43 silly get     'x-cache-hits': '1',
43 silly get     'x-timer': 'S1450279203.650979,VS0,VE1',
43 silly get     vary: 'Accept' } ]
44 verbose get saving ionic-native-transitions to C:\Users\plam\AppData\Roaming\npm-cache\registry.npmjs.org\ionic-native-transitions\.cache.json
45 silly addNameRange number 2 { name: 'ionic-native-transitions', range: '*', hasData: true }
46 silly addNameRange versions [ 'ionic-native-transitions',
46 silly addNameRange   [ '1.0.0-alpha1',
46 silly addNameRange     '1.0.0-alpha2',
46 silly addNameRange     '1.0.0-alpha4',
46 silly addNameRange     '1.0.0-alpha5',
46 silly addNameRange     '1.0.0-beta1',
46 silly addNameRange     '1.0.0-beta2',
46 silly addNameRange     '1.0.0-beta3',
46 silly addNameRange     '1.0.0-beta4',
46 silly addNameRange     '1.0.0-beta5',
46 silly addNameRange     '1.0.0-beta6',
46 silly addNameRange     '1.0.0-rc1',
46 silly addNameRange     '1.0.0-rc2',
46 silly addNameRange     '1.0.0-rc3',
46 silly addNameRange     '1.0.0-rc4',
46 silly addNameRange     '1.0.0-rc5' ] ]
47 verbose stack Error: No compatible version found: ionic-native-transitions@'*'
47 verbose stack Valid install targets:
47 verbose stack ["1.0.0-alpha1","1.0.0-alpha2","1.0.0-alpha4","1.0.0-alpha5","1.0.0-beta1","1.0.0-beta2","1.0.0-beta3","1.0.0-beta4","1.0.0-beta5","1.0.0-beta6","1.0.0-rc1","1.0.0-rc2","1.0.0-rc3","1.0.0-rc4","1.0.0-rc5"]
47 verbose stack
47 verbose stack     at installTargetsError (C:\Program Files (x86)\nodejs\node_modules\npm\lib\cache\add-named.js:274:12)
47 verbose stack     at next (C:\Program Files (x86)\nodejs\node_modules\npm\lib\cache\add-named.js:253:17)
47 verbose stack     at setData (C:\Program Files (x86)\nodejs\node_modules\npm\lib\cache\add-named.js:230:5)
47 verbose stack     at RES (C:\Program Files (x86)\nodejs\node_modules\npm\node_modules\inflight\inflight.js:23:14)
47 verbose stack     at f (C:\Program Files (x86)\nodejs\node_modules\npm\node_modules\once\once.js:17:25)
47 verbose stack     at fixName (C:\Program Files (x86)\nodejs\node_modules\npm\lib\cache\add-named.js:29:5)
47 verbose stack     at saved (C:\Program Files (x86)\nodejs\node_modules\npm\lib\cache\caching-client.js:173:7)
47 verbose stack     at FSReqWrap.oncomplete (fs.js:95:15)
48 verbose cwd C:\Users\plam\Documents\kinotar
49 error Windows_NT 6.3.9600
50 error argv "C:\\Program Files (x86)\\nodejs\\\\node.exe" "C:\\Program Files (x86)\\nodejs\\node_modules\\npm\\bin\\npm-cli.js" "install" "ionic-native-transitions" "--save"
51 error node v0.12.7
52 error npm  v2.11.3
53 error code ETARGET
54 error notarget No compatible version found: ionic-native-transitions@'*'
54 error notarget Valid install targets:
54 error notarget ["1.0.0-alpha1","1.0.0-alpha2","1.0.0-alpha4","1.0.0-alpha5","1.0.0-beta1","1.0.0-beta2","1.0.0-beta3","1.0.0-beta4","1.0.0-beta5","1.0.0-beta6","1.0.0-rc1","1.0.0-rc2","1.0.0-rc3","1.0.0-rc4","1.0.0-rc5"]
54 error notarget
54 error notarget This is most likely not a problem with npm itself.
54 error notarget In most cases you or one of your dependencies are requesting
54 error notarget a package version that doesn't exist.
54 error notarget
54 error notarget It was specified as a dependency of 'kinotar'
55 verbose exit [ 1, true ]
